<?xml version="1.0" encoding="UTF-8"?>
<!-- Generated by org.testng.reporters.JUnitReportReporter -->
<testsuite hostname="TYSS-Piyush-Baldaniya" failures="0" tests="1" name="demoTest.Demo5Test" time="12.857" errors="0" timestamp="2025-10-10T11:00:19 IST" skipped="0">
  <testcase classname="demoTest.Demo5Test" name="case5" time="12.857"/>
</testsuite> <!-- demoTest.Demo5Test -->
