<?xml version="1.0" encoding="UTF-8"?>
<!-- Generated by org.testng.reporters.JUnitReportReporter -->
<testsuite hostname="TYSS-Piyush-Baldaniya" failures="0" tests="1" name="demoTest.Demo2Test" time="15.861" errors="0" timestamp="2025-10-10T10:53:50 IST" skipped="0">
  <testcase classname="demoTest.Demo2Test" name="case2" time="15.861"/>
</testsuite> <!-- demoTest.Demo2Test -->
