<?xml version="1.0" encoding="UTF-8"?>
<!-- Generated by org.testng.reporters.JUnitReportReporter -->
<testsuite hostname="TYSS-Piyush-Baldaniya" failures="0" tests="1" name="demoTest.Demo1Test" time="16.001" errors="0" timestamp="2025-10-10T10:53:50 IST" skipped="0">
  <testcase classname="demoTest.Demo1Test" name="case1" time="16.001"/>
</testsuite> <!-- demoTest.Demo1Test -->
